2025-12-05T22:19:32.499503884Z|BEGIN_TRANSACTION|1|MjA3YjMxODktMQ==
2025-12-05T22:19:32.504523706Z|CREATE_DIRECTORY|1|L2RvY3M=
2025-12-05T22:19:32.507205578Z|COMMIT_TRANSACTION|1|MjA3YjMxODktMQ==
2025-12-05T22:19:32.510399543Z|BEGIN_TRANSACTION|1|ODU5ODA4NjQtMg==
2025-12-05T22:19:32.512187628Z|CREATE_FILE_WITH_CONTENT|2|L2RvY3MvcmVhZG1lLnR4dA==|UW1WdExYWnBibVJ2SUdGdklGTnBiWFZzWVdSdmNpQmtaU0JUYVhOMFpXMWhJR1JsSUVGeWNYVnBkbTl6SVE9PQ==
2025-12-05T22:19:32.514348561Z|WRITE_FILE|3|L2RvY3MvcmVhZG1lLnR4dA==|MA==|NDY=
2025-12-05T22:19:32.516115647Z|COMMIT_TRANSACTION|1|ODU5ODA4NjQtMg==
2025-12-05T22:20:28.583195989Z|BEGIN_TRANSACTION|1|YThjMTBhNDEtMQ==
2025-12-05T22:20:28.588880070Z|CREATE_DIRECTORY|1|L3Bl
2025-12-05T22:20:28.591567933Z|COMMIT_TRANSACTION|1|YThjMTBhNDEtMQ==
2025-12-05T22:20:42.147591604Z|BEGIN_TRANSACTION|1|MTAxNjYxNmYtMg==
2025-12-05T22:20:42.151896477Z|CREATE_FILE_WITH_CONTENT|2|L3BlL2ZsYW1pbmdv|Wm14aGJXbHVaMjl6YzNOelgyWnNZV1pzWVE9PQ==
2025-12-05T22:20:42.153946279Z|WRITE_FILE|3|L3BlL2ZsYW1pbmdv|Mg==|MTk=
2025-12-05T22:20:42.156122861Z|COMMIT_TRANSACTION|1|MTAxNjYxNmYtMg==
2025-12-05T22:21:49.906005191Z|CHECKPOINT|1|MjAyNS0xMi0wNVQyMjoyMTo0OS45MDU5NDM1MDRa
2025-12-18T16:05:55.326782046Z|BEGIN_TRANSACTION|1|OWE2MTIyYmUtMQ==
2025-12-18T16:05:55.330439036Z|CREATE_DIRECTORY|1|L3Mz
2025-12-18T16:05:55.333366834Z|COMMIT_TRANSACTION|1|OWE2MTIyYmUtMQ==
2025-12-18T16:05:55.336334248Z|BEGIN_TRANSACTION|1|Y2Y2NjMwOWYtMg==
2025-12-18T16:05:55.339366494Z|CREATE_DIRECTORY|1|L3MzL3Rlc3QtYnVja2V0
2025-12-18T16:05:55.342361099Z|COMMIT_TRANSACTION|1|Y2Y2NjMwOWYtMg==
2025-12-18T16:05:55.346065619Z|BEGIN_TRANSACTION|1|YTAxMzg0NjEtMw==
2025-12-18T16:05:55.349335095Z|CREATE_FILE_WITH_CONTENT|2|L3MzL3Rlc3QtYnVja2V0L2hlbGxvLnR4dA==|U0dWc2JHOVhiM0pzWkZ3aA==
2025-12-18T16:05:55.352447563Z|WRITE_FILE|3|L3MzL3Rlc3QtYnVja2V0L2hlbGxvLnR4dA==|MjE=|MTI=
2025-12-18T16:05:55.355288738Z|COMMIT_TRANSACTION|1|YTAxMzg0NjEtMw==
2025-12-18T16:19:42.285668100Z|BEGIN_TRANSACTION|1|NDhjMWM3OGQtMQ==
2025-12-18T16:19:42.292343880Z|DELETE_FILE|1|L3Bl
2025-12-18T16:19:42.295326589Z|ABORT_TRANSACTION|1|NDhjMWM3OGQtMQ==
2025-12-18T16:19:47.067335093Z|BEGIN_TRANSACTION|1|ZjMwMzFlOGItMg==
2025-12-18T16:19:47.072771997Z|DELETE_FILE|1|L3Bl
2025-12-18T16:19:47.075940731Z|ABORT_TRANSACTION|1|ZjMwMzFlOGItMg==
2025-12-18T16:20:06.380434055Z|BEGIN_TRANSACTION|1|YzhkY2NlY2QtMw==
2025-12-18T16:20:06.385916276Z|DELETE_DIRECTORY|2|L3Bl|ZmFsc2U=
2025-12-18T16:20:06.389138461Z|ABORT_TRANSACTION|1|YzhkY2NlY2QtMw==
2025-12-18T16:20:22.141487278Z|BEGIN_TRANSACTION|1|ZmFiYmVmNTctNA==
2025-12-18T16:20:22.148696582Z|DELETE_FILE|1|L3BlL2ZsYW1pbmdv
2025-12-18T16:20:22.152311514Z|COMMIT_TRANSACTION|1|ZmFiYmVmNTctNA==
2025-12-18T16:20:27.956413054Z|BEGIN_TRANSACTION|1|ODc5N2I2ZjEtNQ==
2025-12-18T16:20:27.960182620Z|DELETE_DIRECTORY|2|L3Bl|ZmFsc2U=
2025-12-18T16:20:27.963112960Z|COMMIT_TRANSACTION|1|ODc5N2I2ZjEtNQ==
2025-12-18T16:30:56.106025437Z|BEGIN_TRANSACTION|1|MTA5MWUxZjAtMQ==
2025-12-18T16:30:56.112193588Z|CREATE_FILE_WITH_CONTENT|2|L2FwaS10ZXN0ZS50eHQ=|UVhKeGRXbDJieUU9
2025-12-18T16:30:56.114287019Z|WRITE_FILE|3|L2FwaS10ZXN0ZS50eHQ=|Mg==|OA==
2025-12-18T16:30:56.116264831Z|COMMIT_TRANSACTION|1|MTA5MWUxZjAtMQ==
2025-12-18T16:32:14.144065961Z|BEGIN_TRANSACTION|1|NTVkOWI2NTgtMg==
2025-12-18T16:32:14.150083265Z|CREATE_DIRECTORY|1|L3MzL21ldS1idWNrZXQ=
2025-12-18T16:32:14.152697317Z|COMMIT_TRANSACTION|1|NTVkOWI2NTgtMg==
2025-12-18T16:32:14.154601188Z|BEGIN_TRANSACTION|1|ZThlOGU0YTktMw==
2025-12-18T16:32:14.156829065Z|CREATE_FILE_WITH_CONTENT|2|L3MzL21ldS1idWNrZXQvY29uZmlnLmpzb24=|SjN0aGJXSnBaVzUwWlRvZ2NISnZaSFZqWVc4c0lIWmxjbk5oYnpvZ01TNHdmU2M9
2025-12-18T16:32:14.159471851Z|WRITE_FILE|3|L3MzL21ldS1idWNrZXQvY29uZmlnLmpzb24=|NDU=|MzU=
2025-12-18T16:32:14.162064763Z|COMMIT_TRANSACTION|1|ZThlOGU0YTktMw==
2025-12-18T16:43:14.463284840Z|BEGIN_TRANSACTION|1|NWFlZmQ0YjgtNA==
2025-12-18T16:43:14.476586402Z|CREATE_DIRECTORY|1|L3Rlc3Rl
2025-12-18T16:43:14.478803633Z|COMMIT_TRANSACTION|1|NWFlZmQ0YjgtNA==
